[2023-12-13 18:20:15] local.ERROR: Cannot declare class App\Http\Requests\StoreProductCategory, because the name is already in use {"exception":"[object] (Symfony\\Component\\ErrorHandler\\Error\\FatalError(code: 0): Cannot declare class App\\Http\\Requests\\StoreProductCategory, because the name is already in use at E:\\KULIAH\\Semester 5\\Prak. Pemrograman Web 5E\\Tugas\\Modul6Tugas\\praktikum-laravel\\app\\Http\\Requests\\StoreProductCategoryRequest.php:7)
[stacktrace]
#0 {main}
"} 
[2023-12-13 18:21:42] local.ERROR: Cannot declare class App\Http\Requests\StoreProductCategory, because the name is already in use {"exception":"[object] (Symfony\\Component\\ErrorHandler\\Error\\FatalError(code: 0): Cannot declare class App\\Http\\Requests\\StoreProductCategory, because the name is already in use at E:\\KULIAH\\Semester 5\\Prak. Pemrograman Web 5E\\Tugas\\Modul6Tugas\\praktikum-laravel\\app\\Http\\Requests\\StoreProductCategoryRequest.php:7)
[stacktrace]
#0 {main}
"} 
[2023-12-13 18:23:07] local.ERROR: Cannot declare class App\Http\Requests\StoreProductCategory, because the name is already in use {"exception":"[object] (Symfony\\Component\\ErrorHandler\\Error\\FatalError(code: 0): Cannot declare class App\\Http\\Requests\\StoreProductCategory, because the name is already in use at E:\\KULIAH\\Semester 5\\Prak. Pemrograman Web 5E\\Tugas\\Modul6Tugas\\praktikum-laravel\\app\\Http\\Requests\\StoreProductCategoryRequest.php:7)
[stacktrace]
#0 {main}
"} 
[2023-12-13 18:23:12] local.ERROR: Cannot declare class App\Http\Requests\StoreProductCategory, because the name is already in use {"exception":"[object] (Symfony\\Component\\ErrorHandler\\Error\\FatalError(code: 0): Cannot declare class App\\Http\\Requests\\StoreProductCategory, because the name is already in use at E:\\KULIAH\\Semester 5\\Prak. Pemrograman Web 5E\\Tugas\\Modul6Tugas\\praktikum-laravel\\app\\Http\\Requests\\StoreProductCategoryRequest.php:7)
[stacktrace]
#0 {main}
"} 
[2023-12-13 18:23:38] local.ERROR: Cannot declare class App\Http\Requests\StoreProductCategory, because the name is already in use {"exception":"[object] (Symfony\\Component\\ErrorHandler\\Error\\FatalError(code: 0): Cannot declare class App\\Http\\Requests\\StoreProductCategory, because the name is already in use at E:\\KULIAH\\Semester 5\\Prak. Pemrograman Web 5E\\Tugas\\Modul6Tugas\\praktikum-laravel\\app\\Http\\Requests\\StoreProductCategoryRequest.php:7)
[stacktrace]
#0 {main}
"} 
[2023-12-13 18:24:10] local.ERROR: Cannot declare class App\Http\Requests\UpdateProductCategory, because the name is already in use {"exception":"[object] (Symfony\\Component\\ErrorHandler\\Error\\FatalError(code: 0): Cannot declare class App\\Http\\Requests\\UpdateProductCategory, because the name is already in use at E:\\KULIAH\\Semester 5\\Prak. Pemrograman Web 5E\\Tugas\\Modul6Tugas\\praktikum-laravel\\app\\Http\\Requests\\UpdateProductCategoryRequest.php:7)
[stacktrace]
#0 {main}
"} 
[2023-12-13 18:24:35] local.ERROR: Cannot declare class App\Http\Requests\UpdateProductCategory, because the name is already in use {"exception":"[object] (Symfony\\Component\\ErrorHandler\\Error\\FatalError(code: 0): Cannot declare class App\\Http\\Requests\\UpdateProductCategory, because the name is already in use at E:\\KULIAH\\Semester 5\\Prak. Pemrograman Web 5E\\Tugas\\Modul6Tugas\\praktikum-laravel\\app\\Http\\Requests\\UpdateProductCategoryRequest.php:7)
[stacktrace]
#0 {main}
"} 
[2023-12-13 18:25:22] local.ERROR: Cannot declare class App\Http\Requests\UpdateProductCategory, because the name is already in use {"exception":"[object] (Symfony\\Component\\ErrorHandler\\Error\\FatalError(code: 0): Cannot declare class App\\Http\\Requests\\UpdateProductCategory, because the name is already in use at E:\\KULIAH\\Semester 5\\Prak. Pemrograman Web 5E\\Tugas\\Modul6Tugas\\praktikum-laravel\\app\\Http\\Requests\\UpdateProductCategoryRequest.php:7)
[stacktrace]
#0 {main}
"} 
[2023-12-13 18:26:59] local.ERROR: Cannot declare class App\Http\Requests\UpdateProductCategory, because the name is already in use {"exception":"[object] (Symfony\\Component\\ErrorHandler\\Error\\FatalError(code: 0): Cannot declare class App\\Http\\Requests\\UpdateProductCategory, because the name is already in use at E:\\KULIAH\\Semester 5\\Prak. Pemrograman Web 5E\\Tugas\\Modul6Tugas\\praktikum-laravel\\app\\Http\\Requests\\UpdateProductCategoryRequest.php:7)
[stacktrace]
#0 {main}
"} 
[2023-12-13 18:27:59] local.ERROR: Cannot declare class App\Http\Requests\StoreProductCategory, because the name is already in use {"exception":"[object] (Symfony\\Component\\ErrorHandler\\Error\\FatalError(code: 0): Cannot declare class App\\Http\\Requests\\StoreProductCategory, because the name is already in use at E:\\KULIAH\\Semester 5\\Prak. Pemrograman Web 5E\\Tugas\\Modul6Tugas\\praktikum-laravel\\app\\Http\\Requests\\StoreProductCategoryRequest.php:7)
[stacktrace]
#0 {main}
"} 
